2020-03-29 02:00:06,953 INFO [main][SpringApplication.java:675] - No active profile set, falling back to default profiles: default
2020-03-29 02:00:11,069 WARN [main][EndpointId.java:135] - Endpoint ID 'service-registry' contains invalid characters, please migrate to a valid format.
2020-03-29 02:00:11,852 INFO [main][GenericScope.java:294] - BeanFactory id=9ab62e49-27b8-39f8-879c-1b2a5987da5d
2020-03-29 02:00:12,343 INFO [main][PostProcessorRegistrationDelegate.java:330] - Bean 'org.springframework.cloud.autoconfigure.ConfigurationPropertiesRebinderAutoConfiguration' of type [org.springframework.cloud.autoconfigure.ConfigurationPropertiesRebinderAutoConfiguration$$EnhancerBySpringCGLIB$$8b295385] is not eligible for getting processed by all BeanPostProcessors (for example: not eligible for auto-proxying)
2020-03-29 02:00:13,861 INFO [main][TomcatWebServer.java:90] - Tomcat initialized with port(s): 56080 (http)
2020-03-29 02:00:13,953 INFO [main][DirectJDKLog.java:173] - Initializing ProtocolHandler ["http-nio-56080"]
2020-03-29 02:00:13,995 INFO [main][DirectJDKLog.java:173] - Starting service [Tomcat]
2020-03-29 02:00:13,998 INFO [main][DirectJDKLog.java:173] - Starting Servlet engine: [Apache Tomcat/9.0.16]
2020-03-29 02:00:14,039 INFO [main][DirectJDKLog.java:173] - The APR based Apache Tomcat Native library which allows optimal performance in production environments was not found on the java.library.path: [D:\tool\java\jdk\bin;C:\WINDOWS\Sun\Java\bin;C:\WINDOWS\system32;C:\WINDOWS;D:\soft\NetSarang\Xftp 6\;D:\soft\NetSarang\XShell 6\;C:\Program Files (x86)\Common Files\Oracle\Java\javapath;C:\WINDOWS\system32;C:\WINDOWS;C:\WINDOWS\System32\Wbem;C:\WINDOWS\System32\WindowsPowerShell\v1.0\;D:\tool\java\jdk\bin;D:\tool\java\jdk\jre\bin;D:\soft\Git\cmd;D:\tool\apache-maven-3.6.3\bin;C:\WINDOWS\System32\OpenSSH\;D:\tool\MinGW\bin;C:\Users\Administrator\AppData\Local\Microsoft\WindowsApps;%USERPROFILE%\AppData\Local\Microsoft\WindowsApps;;.]
2020-03-29 02:00:14,483 INFO [main][DirectJDKLog.java:173] - Initializing Spring embedded WebApplicationContext
2020-03-29 02:00:14,484 INFO [main][ServletWebServerApplicationContext.java:296] - Root WebApplicationContext: initialization completed in 7464 ms
2020-03-29 02:00:14,878 WARN [main][URLConfigurationSource.java:121] - No URLs will be polled as dynamic configuration sources.
2020-03-29 02:00:14,880 INFO [main][URLConfigurationSource.java:122] - To enable URLs as dynamic configuration sources, define System property archaius.configurationSource.additionalUrls or make config.properties available on classpath.
2020-03-29 02:00:14,941 INFO [main][DynamicPropertyFactory.java:281] - DynamicPropertyFactory is initialized with configuration sources: com.netflix.config.ConcurrentCompositeConfiguration@2e1ddc90
2020-03-29 02:00:18,148 INFO [main][WebApplicationImpl.java:815] - Initiating Jersey application, version 'Jersey: 1.19.1 03/11/2016 02:08 PM'
2020-03-29 02:00:18,311 INFO [main][DiscoveryJerseyProvider.java:70] - Using JSON encoding codec LegacyJacksonJson
2020-03-29 02:00:18,312 INFO [main][DiscoveryJerseyProvider.java:71] - Using JSON decoding codec LegacyJacksonJson
2020-03-29 02:00:19,142 INFO [main][DiscoveryJerseyProvider.java:80] - Using XML encoding codec XStreamXml
2020-03-29 02:00:19,143 INFO [main][DiscoveryJerseyProvider.java:81] - Using XML decoding codec XStreamXml
2020-03-29 02:00:20,090 WARN [main][URLConfigurationSource.java:121] - No URLs will be polled as dynamic configuration sources.
2020-03-29 02:00:20,090 INFO [main][URLConfigurationSource.java:122] - To enable URLs as dynamic configuration sources, define System property archaius.configurationSource.additionalUrls or make config.properties available on classpath.
2020-03-29 02:00:20,648 INFO [main][ExecutorConfigurationSupport.java:171] - Initializing ExecutorService 'applicationTaskExecutor'
2020-03-29 02:00:22,525 INFO [main][InstanceInfoFactory.java:71] - Setting initial instance status as: STARTING
2020-03-29 02:00:22,640 INFO [main][DiscoveryClient.java:349] - Initializing Eureka in region us-east-1
2020-03-29 02:00:22,641 INFO [main][DiscoveryClient.java:352] - Client configured to neither register nor query for data.
2020-03-29 02:00:22,714 INFO [main][DiscoveryClient.java:365] - Discovery Client initialized at timestamp 1585418422698 with initial instances count: 0
2020-03-29 02:00:22,816 INFO [main][DefaultEurekaServerContext.java:63] - Initializing ...
2020-03-29 02:00:22,820 INFO [main][PeerEurekaNodes.java:188] - Adding new peer nodes [http://localhost:56080/eureka/]
2020-03-29 02:00:23,608 INFO [main][DiscoveryJerseyProvider.java:70] - Using JSON encoding codec LegacyJacksonJson
2020-03-29 02:00:23,608 INFO [main][DiscoveryJerseyProvider.java:71] - Using JSON decoding codec LegacyJacksonJson
2020-03-29 02:00:23,609 INFO [main][DiscoveryJerseyProvider.java:80] - Using XML encoding codec XStreamXml
2020-03-29 02:00:23,610 INFO [main][DiscoveryJerseyProvider.java:81] - Using XML decoding codec XStreamXml
2020-03-29 02:00:24,015 INFO [main][PeerEurekaNodes.java:110] - Replica node URL:  http://localhost:56080/eureka/
2020-03-29 02:00:24,043 INFO [main][AbstractInstanceRegistry.java:151] - Finished initializing remote region registries. All known remote regions: []
2020-03-29 02:00:24,044 INFO [main][DefaultEurekaServerContext.java:70] - Initialized
2020-03-29 02:00:24,061 INFO [main][EndpointLinksResolver.java:59] - Exposing 2 endpoint(s) beneath base path '/actuator'
2020-03-29 02:00:24,304 INFO [main][EurekaServiceRegistry.java:42] - Registering application EUREKA-SERVICE with eureka with status UP
2020-03-29 02:00:24,308 INFO [Thread-51][EurekaServerBootstrap.java:109] - Setting the eureka configuration..
2020-03-29 02:00:24,310 INFO [Thread-51][EurekaServerBootstrap.java:114] - Eureka data center value eureka.datacenter is not set, defaulting to default
2020-03-29 02:00:24,311 INFO [Thread-51][EurekaServerBootstrap.java:128] - Eureka environment value eureka.environment is not set, defaulting to test
2020-03-29 02:00:24,332 INFO [main][DirectJDKLog.java:173] - Starting ProtocolHandler ["http-nio-56080"]
2020-03-29 02:00:24,348 INFO [Thread-51][EurekaServerBootstrap.java:184] - isAws returned false
2020-03-29 02:00:24,349 INFO [Thread-51][EurekaServerBootstrap.java:152] - Initialized server context
2020-03-29 02:00:24,350 INFO [Thread-51][PeerAwareInstanceRegistryImpl.java:241] - Got 1 instances from neighboring DS node
2020-03-29 02:00:24,350 INFO [Thread-51][PeerAwareInstanceRegistryImpl.java:242] - Renew threshold is: 1
2020-03-29 02:00:24,351 INFO [Thread-51][PeerAwareInstanceRegistryImpl.java:253] - Changing status to UP
2020-03-29 02:00:24,367 INFO [Thread-51][EurekaServerInitializerConfiguration.java:72] - Started Eureka Server
2020-03-29 02:00:24,381 INFO [main][TomcatWebServer.java:204] - Tomcat started on port(s): 56080 (http) with context path ''
2020-03-29 02:00:24,383 INFO [main][EurekaAutoServiceRegistration.java:141] - Updating port to 56080
2020-03-29 02:00:24,387 INFO [main][StartupInfoLogger.java:59] - Started EurekaServer in 24.468 seconds (JVM running for 31.386)
2020-03-29 02:00:25,509 INFO [RMI TCP Connection(14)-192.168.100.103][DirectJDKLog.java:173] - Initializing Spring DispatcherServlet 'dispatcherServlet'
2020-03-29 02:00:25,509 INFO [RMI TCP Connection(14)-192.168.100.103][FrameworkServlet.java:524] - Initializing Servlet 'dispatcherServlet'
2020-03-29 02:00:25,534 INFO [RMI TCP Connection(14)-192.168.100.103][FrameworkServlet.java:546] - Completed initialization in 24 ms
2020-03-29 02:01:24,354 INFO [Eureka-EvictionTimer][AbstractInstanceRegistry.java:1250] - Running the evict task with compensationTime 0ms
2020-03-29 02:02:24,354 INFO [Eureka-EvictionTimer][AbstractInstanceRegistry.java:1250] - Running the evict task with compensationTime 0ms
2020-03-29 02:03:24,356 INFO [Eureka-EvictionTimer][AbstractInstanceRegistry.java:1250] - Running the evict task with compensationTime 1ms
2020-03-29 02:04:24,355 INFO [Eureka-EvictionTimer][AbstractInstanceRegistry.java:1250] - Running the evict task with compensationTime 0ms
2020-03-29 02:05:24,356 INFO [Eureka-EvictionTimer][AbstractInstanceRegistry.java:1250] - Running the evict task with compensationTime 0ms
2020-03-29 02:05:30,643 INFO [http-nio-56080-exec-2][AbstractInstanceRegistry.java:266] - Registered instance BANK1/bank1:192.168.100.103:56081 with status UP (replication=false)
2020-03-29 02:05:31,425 INFO [http-nio-56080-exec-3][AbstractInstanceRegistry.java:266] - Registered instance BANK1/bank1:192.168.100.103:56081 with status UP (replication=true)
