2020-03-28 21:34:35,682 INFO [main][SpringApplication.java:675] - No active profile set, falling back to default profiles: default
2020-03-28 21:34:37,106 WARN [main][EndpointId.java:135] - Endpoint ID 'service-registry' contains invalid characters, please migrate to a valid format.
2020-03-28 21:34:37,571 INFO [main][GenericScope.java:294] - BeanFactory id=9ab62e49-27b8-39f8-879c-1b2a5987da5d
2020-03-28 21:34:37,820 INFO [main][PostProcessorRegistrationDelegate.java:330] - Bean 'org.springframework.cloud.autoconfigure.ConfigurationPropertiesRebinderAutoConfiguration' of type [org.springframework.cloud.autoconfigure.ConfigurationPropertiesRebinderAutoConfiguration$$EnhancerBySpringCGLIB$$25465ea9] is not eligible for getting processed by all BeanPostProcessors (for example: not eligible for auto-proxying)
2020-03-28 21:34:39,260 INFO [main][TomcatWebServer.java:90] - Tomcat initialized with port(s): 56080 (http)
2020-03-28 21:34:39,327 INFO [main][DirectJDKLog.java:173] - Initializing ProtocolHandler ["http-nio-56080"]
2020-03-28 21:34:39,388 INFO [main][DirectJDKLog.java:173] - Starting service [Tomcat]
2020-03-28 21:34:39,389 INFO [main][DirectJDKLog.java:173] - Starting Servlet engine: [Apache Tomcat/9.0.16]
2020-03-28 21:34:39,412 INFO [main][DirectJDKLog.java:173] - The APR based Apache Tomcat Native library which allows optimal performance in production environments was not found on the java.library.path: [D:\tool\java\jdk\bin;C:\WINDOWS\Sun\Java\bin;C:\WINDOWS\system32;C:\WINDOWS;D:\soft\NetSarang\Xftp 6\;D:\soft\NetSarang\XShell 6\;C:\Program Files (x86)\Common Files\Oracle\Java\javapath;C:\WINDOWS\system32;C:\WINDOWS;C:\WINDOWS\System32\Wbem;C:\WINDOWS\System32\WindowsPowerShell\v1.0\;D:\tool\java\jdk\bin;D:\tool\java\jdk\jre\bin;D:\soft\Git\cmd;D:\tool\apache-maven-3.6.3\bin;C:\WINDOWS\System32\OpenSSH\;D:\tool\MinGW\bin;C:\Users\Administrator\AppData\Local\Microsoft\WindowsApps;%USERPROFILE%\AppData\Local\Microsoft\WindowsApps;;.]
2020-03-28 21:34:39,934 INFO [main][DirectJDKLog.java:173] - Initializing Spring embedded WebApplicationContext
2020-03-28 21:34:39,936 INFO [main][ServletWebServerApplicationContext.java:296] - Root WebApplicationContext: initialization completed in 4216 ms
2020-03-28 21:34:40,112 WARN [main][URLConfigurationSource.java:121] - No URLs will be polled as dynamic configuration sources.
2020-03-28 21:34:40,114 INFO [main][URLConfigurationSource.java:122] - To enable URLs as dynamic configuration sources, define System property archaius.configurationSource.additionalUrls or make config.properties available on classpath.
2020-03-28 21:34:40,138 INFO [main][DynamicPropertyFactory.java:281] - DynamicPropertyFactory is initialized with configuration sources: com.netflix.config.ConcurrentCompositeConfiguration@17461db
2020-03-28 21:34:42,010 INFO [main][WebApplicationImpl.java:815] - Initiating Jersey application, version 'Jersey: 1.19.1 03/11/2016 02:08 PM'
2020-03-28 21:34:42,137 INFO [main][DiscoveryJerseyProvider.java:70] - Using JSON encoding codec LegacyJacksonJson
2020-03-28 21:34:42,137 INFO [main][DiscoveryJerseyProvider.java:71] - Using JSON decoding codec LegacyJacksonJson
2020-03-28 21:34:42,408 INFO [main][DiscoveryJerseyProvider.java:80] - Using XML encoding codec XStreamXml
2020-03-28 21:34:42,408 INFO [main][DiscoveryJerseyProvider.java:81] - Using XML decoding codec XStreamXml
2020-03-28 21:34:43,142 WARN [main][URLConfigurationSource.java:121] - No URLs will be polled as dynamic configuration sources.
2020-03-28 21:34:43,143 INFO [main][URLConfigurationSource.java:122] - To enable URLs as dynamic configuration sources, define System property archaius.configurationSource.additionalUrls or make config.properties available on classpath.
2020-03-28 21:34:43,452 INFO [main][ExecutorConfigurationSupport.java:171] - Initializing ExecutorService 'applicationTaskExecutor'
2020-03-28 21:34:44,710 INFO [main][InstanceInfoFactory.java:71] - Setting initial instance status as: STARTING
2020-03-28 21:34:44,776 INFO [main][DiscoveryClient.java:349] - Initializing Eureka in region us-east-1
2020-03-28 21:34:44,776 INFO [main][DiscoveryClient.java:352] - Client configured to neither register nor query for data.
2020-03-28 21:34:44,789 INFO [main][DiscoveryClient.java:365] - Discovery Client initialized at timestamp 1585402484787 with initial instances count: 0
2020-03-28 21:34:44,894 INFO [main][DefaultEurekaServerContext.java:63] - Initializing ...
2020-03-28 21:34:44,900 INFO [main][PeerEurekaNodes.java:188] - Adding new peer nodes [http://localhost:56080/eureka/]
2020-03-28 21:34:46,111 INFO [main][DiscoveryJerseyProvider.java:70] - Using JSON encoding codec LegacyJacksonJson
2020-03-28 21:34:46,113 INFO [main][DiscoveryJerseyProvider.java:71] - Using JSON decoding codec LegacyJacksonJson
2020-03-28 21:34:46,119 INFO [main][DiscoveryJerseyProvider.java:80] - Using XML encoding codec XStreamXml
2020-03-28 21:34:46,121 INFO [main][DiscoveryJerseyProvider.java:81] - Using XML decoding codec XStreamXml
2020-03-28 21:34:46,419 INFO [main][PeerEurekaNodes.java:110] - Replica node URL:  http://localhost:56080/eureka/
2020-03-28 21:34:46,437 INFO [main][AbstractInstanceRegistry.java:151] - Finished initializing remote region registries. All known remote regions: []
2020-03-28 21:34:46,443 INFO [main][DefaultEurekaServerContext.java:70] - Initialized
2020-03-28 21:34:46,469 INFO [main][EndpointLinksResolver.java:59] - Exposing 2 endpoint(s) beneath base path '/actuator'
2020-03-28 21:34:46,731 INFO [main][EurekaServiceRegistry.java:42] - Registering application EUREKA-SERVICE with eureka with status UP
2020-03-28 21:34:46,739 INFO [Thread-44][EurekaServerBootstrap.java:109] - Setting the eureka configuration..
2020-03-28 21:34:46,741 INFO [Thread-44][EurekaServerBootstrap.java:114] - Eureka data center value eureka.datacenter is not set, defaulting to default
2020-03-28 21:34:46,743 INFO [Thread-44][EurekaServerBootstrap.java:128] - Eureka environment value eureka.environment is not set, defaulting to test
2020-03-28 21:34:46,779 INFO [Thread-44][EurekaServerBootstrap.java:184] - isAws returned false
2020-03-28 21:34:46,779 INFO [main][DirectJDKLog.java:173] - Starting ProtocolHandler ["http-nio-56080"]
2020-03-28 21:34:46,780 INFO [Thread-44][EurekaServerBootstrap.java:152] - Initialized server context
2020-03-28 21:34:46,780 INFO [Thread-44][PeerAwareInstanceRegistryImpl.java:241] - Got 1 instances from neighboring DS node
2020-03-28 21:34:46,781 INFO [Thread-44][PeerAwareInstanceRegistryImpl.java:242] - Renew threshold is: 1
2020-03-28 21:34:46,783 INFO [Thread-44][PeerAwareInstanceRegistryImpl.java:253] - Changing status to UP
2020-03-28 21:34:46,807 INFO [Thread-44][EurekaServerInitializerConfiguration.java:72] - Started Eureka Server
2020-03-28 21:34:46,839 INFO [main][TomcatWebServer.java:204] - Tomcat started on port(s): 56080 (http) with context path ''
2020-03-28 21:34:46,841 INFO [main][EurekaAutoServiceRegistration.java:141] - Updating port to 56080
2020-03-28 21:34:46,844 INFO [main][StartupInfoLogger.java:59] - Started EurekaServer in 17.288 seconds (JVM running for 21.253)
2020-03-28 21:34:48,230 INFO [RMI TCP Connection(4)-192.168.100.103][DirectJDKLog.java:173] - Initializing Spring DispatcherServlet 'dispatcherServlet'
2020-03-28 21:34:48,230 INFO [RMI TCP Connection(4)-192.168.100.103][FrameworkServlet.java:524] - Initializing Servlet 'dispatcherServlet'
2020-03-28 21:34:48,246 INFO [RMI TCP Connection(4)-192.168.100.103][FrameworkServlet.java:546] - Completed initialization in 15 ms
