2020-03-28 16:40:43,514 INFO [main][SpringApplication.java:646] - No active profile set, falling back to default profiles: default
2020-03-28 16:40:44,043 WARN [main][EndpointId.java:131] - Endpoint ID 'service-registry' contains invalid characters, please migrate to a valid format.
2020-03-28 16:40:44,199 INFO [main][GenericScope.java:294] - BeanFactory id=9ab62e49-27b8-39f8-879c-1b2a5987da5d
2020-03-28 16:40:44,265 INFO [main][PostProcessorRegistrationDelegate.java:330] - Bean 'org.springframework.cloud.autoconfigure.ConfigurationPropertiesRebinderAutoConfiguration' of type [org.springframework.cloud.autoconfigure.ConfigurationPropertiesRebinderAutoConfiguration$$EnhancerBySpringCGLIB$$4867c211] is not eligible for getting processed by all BeanPostProcessors (for example: not eligible for auto-proxying)
2020-03-28 16:40:44,432 INFO [main][TomcatWebServer.java:90] - Tomcat initialized with port(s): 56080 (http)
2020-03-28 16:40:44,443 INFO [main][DirectJDKLog.java:173] - Initializing ProtocolHandler ["http-nio-56080"]
2020-03-28 16:40:44,464 INFO [main][DirectJDKLog.java:173] - Starting service [Tomcat]
2020-03-28 16:40:44,465 INFO [main][DirectJDKLog.java:173] - Starting Servlet engine: [Apache Tomcat/9.0.21]
2020-03-28 16:40:44,642 INFO [main][DirectJDKLog.java:173] - Initializing Spring embedded WebApplicationContext
2020-03-28 16:40:44,643 INFO [main][ServletWebServerApplicationContext.java:283] - Root WebApplicationContext: initialization completed in 1113 ms
2020-03-28 16:40:44,713 WARN [main][URLConfigurationSource.java:121] - No URLs will be polled as dynamic configuration sources.
2020-03-28 16:40:44,714 INFO [main][URLConfigurationSource.java:122] - To enable URLs as dynamic configuration sources, define System property archaius.configurationSource.additionalUrls or make config.properties available on classpath.
2020-03-28 16:40:44,721 INFO [main][DynamicPropertyFactory.java:281] - DynamicPropertyFactory is initialized with configuration sources: com.netflix.config.ConcurrentCompositeConfiguration@65d8dff8
2020-03-28 16:40:45,200 INFO [main][WebApplicationImpl.java:815] - Initiating Jersey application, version 'Jersey: 1.19.1 03/11/2016 02:08 PM'
2020-03-28 16:40:45,246 INFO [main][DiscoveryJerseyProvider.java:70] - Using JSON encoding codec LegacyJacksonJson
2020-03-28 16:40:45,246 INFO [main][DiscoveryJerseyProvider.java:71] - Using JSON decoding codec LegacyJacksonJson
2020-03-28 16:40:45,332 INFO [main][DiscoveryJerseyProvider.java:80] - Using XML encoding codec XStreamXml
2020-03-28 16:40:45,332 INFO [main][DiscoveryJerseyProvider.java:81] - Using XML decoding codec XStreamXml
2020-03-28 16:40:45,604 WARN [main][URLConfigurationSource.java:121] - No URLs will be polled as dynamic configuration sources.
2020-03-28 16:40:45,604 INFO [main][URLConfigurationSource.java:122] - To enable URLs as dynamic configuration sources, define System property archaius.configurationSource.additionalUrls or make config.properties available on classpath.
2020-03-28 16:40:45,745 INFO [main][ExecutorConfigurationSupport.java:171] - Initializing ExecutorService 'applicationTaskExecutor'
2020-03-28 16:40:46,121 INFO [main][InstanceInfoFactory.java:71] - Setting initial instance status as: STARTING
2020-03-28 16:40:46,139 INFO [main][DiscoveryClient.java:349] - Initializing Eureka in region us-east-1
2020-03-28 16:40:46,139 INFO [main][DiscoveryClient.java:352] - Client configured to neither register nor query for data.
2020-03-28 16:40:46,144 INFO [main][DiscoveryClient.java:365] - Discovery Client initialized at timestamp 1585384846143 with initial instances count: 0
2020-03-28 16:40:46,170 INFO [main][DefaultEurekaServerContext.java:63] - Initializing ...
2020-03-28 16:40:46,171 INFO [main][PeerEurekaNodes.java:188] - Adding new peer nodes [http://localhost:56080/eureka/]
2020-03-28 16:40:46,304 INFO [main][DiscoveryJerseyProvider.java:70] - Using JSON encoding codec LegacyJacksonJson
2020-03-28 16:40:46,305 INFO [main][DiscoveryJerseyProvider.java:71] - Using JSON decoding codec LegacyJacksonJson
2020-03-28 16:40:46,305 INFO [main][DiscoveryJerseyProvider.java:80] - Using XML encoding codec XStreamXml
2020-03-28 16:40:46,305 INFO [main][DiscoveryJerseyProvider.java:81] - Using XML decoding codec XStreamXml
2020-03-28 16:40:46,381 INFO [main][PeerEurekaNodes.java:110] - Replica node URL:  http://localhost:56080/eureka/
2020-03-28 16:40:46,387 INFO [main][AbstractInstanceRegistry.java:151] - Finished initializing remote region registries. All known remote regions: []
2020-03-28 16:40:46,388 INFO [main][DefaultEurekaServerContext.java:70] - Initialized
2020-03-28 16:40:46,396 INFO [main][EndpointLinksResolver.java:58] - Exposing 2 endpoint(s) beneath base path '/actuator'
2020-03-28 16:40:46,455 INFO [main][EurekaServiceRegistry.java:42] - Registering application EUREKA-SERVICE with eureka with status UP
2020-03-28 16:40:46,457 INFO [Thread-19][EurekaServerBootstrap.java:109] - Setting the eureka configuration..
2020-03-28 16:40:46,458 INFO [Thread-19][EurekaServerBootstrap.java:114] - Eureka data center value eureka.datacenter is not set, defaulting to default
2020-03-28 16:40:46,458 INFO [Thread-19][EurekaServerBootstrap.java:128] - Eureka environment value eureka.environment is not set, defaulting to test
2020-03-28 16:40:46,465 INFO [Thread-19][EurekaServerBootstrap.java:184] - isAws returned false
2020-03-28 16:40:46,465 INFO [Thread-19][EurekaServerBootstrap.java:152] - Initialized server context
2020-03-28 16:40:46,465 INFO [Thread-19][PeerAwareInstanceRegistryImpl.java:241] - Got 1 instances from neighboring DS node
2020-03-28 16:40:46,465 INFO [Thread-19][PeerAwareInstanceRegistryImpl.java:242] - Renew threshold is: 1
2020-03-28 16:40:46,465 INFO [Thread-19][PeerAwareInstanceRegistryImpl.java:253] - Changing status to UP
2020-03-28 16:40:46,469 INFO [main][DirectJDKLog.java:173] - Starting ProtocolHandler ["http-nio-56080"]
2020-03-28 16:40:46,472 INFO [Thread-19][EurekaServerInitializerConfiguration.java:72] - Started Eureka Server
2020-03-28 16:40:46,487 INFO [main][TomcatWebServer.java:202] - Tomcat started on port(s): 56080 (http) with context path ''
2020-03-28 16:40:46,488 INFO [main][EurekaAutoServiceRegistration.java:141] - Updating port to 56080
2020-03-28 16:40:46,489 INFO [main][StartupInfoLogger.java:59] - Started EurekaServer in 3.928 seconds (JVM running for 5.946)
2020-03-28 16:40:46,755 INFO [RMI TCP Connection(3)-192.168.20.46][DirectJDKLog.java:173] - Initializing Spring DispatcherServlet 'dispatcherServlet'
2020-03-28 16:40:46,755 INFO [RMI TCP Connection(3)-192.168.20.46][FrameworkServlet.java:524] - Initializing Servlet 'dispatcherServlet'
2020-03-28 16:40:46,764 INFO [RMI TCP Connection(3)-192.168.20.46][FrameworkServlet.java:546] - Completed initialization in 9 ms
2020-03-28 16:41:06,061 INFO [http-nio-56080-exec-2][AbstractInstanceRegistry.java:266] - Registered instance BANK2/bank2:192.168.20.46:56082 with status UP (replication=false)
2020-03-28 16:41:06,654 INFO [http-nio-56080-exec-3][AbstractInstanceRegistry.java:266] - Registered instance BANK2/bank2:192.168.20.46:56082 with status UP (replication=true)
2020-03-28 16:41:46,466 INFO [Eureka-EvictionTimer][AbstractInstanceRegistry.java:1250] - Running the evict task with compensationTime 0ms
2020-03-28 16:42:46,466 INFO [Eureka-EvictionTimer][AbstractInstanceRegistry.java:1250] - Running the evict task with compensationTime 0ms
2020-03-28 16:42:46,466 INFO [Eureka-EvictionTimer][AbstractInstanceRegistry.java:611] - Evicting 1 items (expired=1, evictionLimit=1)
2020-03-28 16:42:46,466 WARN [Eureka-EvictionTimer][AbstractInstanceRegistry.java:623] - DS: Registry: expired lease for BANK2/bank2:192.168.20.46:56082
2020-03-28 16:42:46,467 INFO [Eureka-EvictionTimer][AbstractInstanceRegistry.java:330] - Cancelled instance BANK2/bank2:192.168.20.46:56082 (replication=false)
2020-03-28 16:43:46,471 INFO [Eureka-EvictionTimer][AbstractInstanceRegistry.java:1250] - Running the evict task with compensationTime 1ms
2020-03-28 16:44:46,471 INFO [Eureka-EvictionTimer][AbstractInstanceRegistry.java:1250] - Running the evict task with compensationTime 0ms
2020-03-28 16:45:46,475 INFO [Eureka-EvictionTimer][AbstractInstanceRegistry.java:1250] - Running the evict task with compensationTime 0ms
2020-03-28 16:45:52,230 INFO [http-nio-56080-exec-1][AbstractInstanceRegistry.java:266] - Registered instance BANK2/bank2:192.168.20.46:56082 with status UP (replication=false)
2020-03-28 16:45:52,735 INFO [http-nio-56080-exec-2][AbstractInstanceRegistry.java:266] - Registered instance BANK2/bank2:192.168.20.46:56082 with status UP (replication=true)
2020-03-28 16:46:46,475 INFO [Eureka-EvictionTimer][AbstractInstanceRegistry.java:1250] - Running the evict task with compensationTime 0ms
2020-03-28 16:47:46,475 INFO [Eureka-EvictionTimer][AbstractInstanceRegistry.java:1250] - Running the evict task with compensationTime 0ms
2020-03-28 16:48:46,475 INFO [Eureka-EvictionTimer][AbstractInstanceRegistry.java:1250] - Running the evict task with compensationTime 0ms
2020-03-28 16:49:46,475 INFO [Eureka-EvictionTimer][AbstractInstanceRegistry.java:1250] - Running the evict task with compensationTime 0ms
2020-03-28 16:49:47,532 INFO [http-nio-56080-exec-3][AbstractInstanceRegistry.java:266] - Registered instance BANK2/bank2:192.168.20.46:56082 with status UP (replication=false)
2020-03-28 16:49:48,045 INFO [http-nio-56080-exec-4][AbstractInstanceRegistry.java:266] - Registered instance BANK2/bank2:192.168.20.46:56082 with status UP (replication=true)
2020-03-28 16:50:46,475 INFO [Eureka-EvictionTimer][AbstractInstanceRegistry.java:1250] - Running the evict task with compensationTime 0ms
2020-03-28 16:51:46,475 INFO [Eureka-EvictionTimer][AbstractInstanceRegistry.java:1250] - Running the evict task with compensationTime 0ms
2020-03-28 16:52:46,475 INFO [Eureka-EvictionTimer][AbstractInstanceRegistry.java:1250] - Running the evict task with compensationTime 0ms
2020-03-28 16:53:21,978 INFO [http-nio-56080-exec-5][AbstractInstanceRegistry.java:266] - Registered instance BANK2/bank2:192.168.20.46:56082 with status UP (replication=false)
2020-03-28 16:53:22,489 INFO [http-nio-56080-exec-7][AbstractInstanceRegistry.java:266] - Registered instance BANK2/bank2:192.168.20.46:56082 with status UP (replication=true)
2020-03-28 16:57:20,283 INFO [main][SpringApplication.java:646] - No active profile set, falling back to default profiles: default
2020-03-28 16:57:20,792 WARN [main][EndpointId.java:131] - Endpoint ID 'service-registry' contains invalid characters, please migrate to a valid format.
2020-03-28 16:57:20,965 INFO [main][GenericScope.java:294] - BeanFactory id=9ab62e49-27b8-39f8-879c-1b2a5987da5d
2020-03-28 16:57:21,029 INFO [main][PostProcessorRegistrationDelegate.java:330] - Bean 'org.springframework.cloud.autoconfigure.ConfigurationPropertiesRebinderAutoConfiguration' of type [org.springframework.cloud.autoconfigure.ConfigurationPropertiesRebinderAutoConfiguration$$EnhancerBySpringCGLIB$$e0339b8e] is not eligible for getting processed by all BeanPostProcessors (for example: not eligible for auto-proxying)
2020-03-28 16:57:21,204 INFO [main][TomcatWebServer.java:90] - Tomcat initialized with port(s): 56080 (http)
2020-03-28 16:57:21,214 INFO [main][DirectJDKLog.java:173] - Initializing ProtocolHandler ["http-nio-56080"]
2020-03-28 16:57:21,222 INFO [main][DirectJDKLog.java:173] - Starting service [Tomcat]
2020-03-28 16:57:21,222 INFO [main][DirectJDKLog.java:173] - Starting Servlet engine: [Apache Tomcat/9.0.21]
2020-03-28 16:57:21,401 INFO [main][DirectJDKLog.java:173] - Initializing Spring embedded WebApplicationContext
2020-03-28 16:57:21,401 INFO [main][ServletWebServerApplicationContext.java:283] - Root WebApplicationContext: initialization completed in 1108 ms
2020-03-28 16:57:21,472 WARN [main][URLConfigurationSource.java:121] - No URLs will be polled as dynamic configuration sources.
2020-03-28 16:57:21,473 INFO [main][URLConfigurationSource.java:122] - To enable URLs as dynamic configuration sources, define System property archaius.configurationSource.additionalUrls or make config.properties available on classpath.
2020-03-28 16:57:21,480 INFO [main][DynamicPropertyFactory.java:281] - DynamicPropertyFactory is initialized with configuration sources: com.netflix.config.ConcurrentCompositeConfiguration@6468a7b6
2020-03-28 16:57:22,006 INFO [main][WebApplicationImpl.java:815] - Initiating Jersey application, version 'Jersey: 1.19.1 03/11/2016 02:08 PM'
2020-03-28 16:57:22,049 INFO [main][DiscoveryJerseyProvider.java:70] - Using JSON encoding codec LegacyJacksonJson
2020-03-28 16:57:22,050 INFO [main][DiscoveryJerseyProvider.java:71] - Using JSON decoding codec LegacyJacksonJson
2020-03-28 16:57:22,127 INFO [main][DiscoveryJerseyProvider.java:80] - Using XML encoding codec XStreamXml
2020-03-28 16:57:22,127 INFO [main][DiscoveryJerseyProvider.java:81] - Using XML decoding codec XStreamXml
2020-03-28 16:57:22,342 WARN [main][URLConfigurationSource.java:121] - No URLs will be polled as dynamic configuration sources.
2020-03-28 16:57:22,342 INFO [main][URLConfigurationSource.java:122] - To enable URLs as dynamic configuration sources, define System property archaius.configurationSource.additionalUrls or make config.properties available on classpath.
2020-03-28 16:57:22,483 INFO [main][ExecutorConfigurationSupport.java:171] - Initializing ExecutorService 'applicationTaskExecutor'
2020-03-28 16:57:22,831 INFO [main][InstanceInfoFactory.java:71] - Setting initial instance status as: STARTING
2020-03-28 16:57:22,850 INFO [main][DiscoveryClient.java:349] - Initializing Eureka in region us-east-1
2020-03-28 16:57:22,850 INFO [main][DiscoveryClient.java:352] - Client configured to neither register nor query for data.
2020-03-28 16:57:22,854 INFO [main][DiscoveryClient.java:365] - Discovery Client initialized at timestamp 1585385842853 with initial instances count: 0
2020-03-28 16:57:22,879 INFO [main][DefaultEurekaServerContext.java:63] - Initializing ...
2020-03-28 16:57:22,881 INFO [main][PeerEurekaNodes.java:188] - Adding new peer nodes [http://localhost:56080/eureka/]
2020-03-28 16:57:22,962 INFO [main][DiscoveryJerseyProvider.java:70] - Using JSON encoding codec LegacyJacksonJson
2020-03-28 16:57:22,962 INFO [main][DiscoveryJerseyProvider.java:71] - Using JSON decoding codec LegacyJacksonJson
2020-03-28 16:57:22,962 INFO [main][DiscoveryJerseyProvider.java:80] - Using XML encoding codec XStreamXml
2020-03-28 16:57:22,963 INFO [main][DiscoveryJerseyProvider.java:81] - Using XML decoding codec XStreamXml
2020-03-28 16:57:23,034 INFO [main][PeerEurekaNodes.java:110] - Replica node URL:  http://localhost:56080/eureka/
2020-03-28 16:57:23,041 INFO [main][AbstractInstanceRegistry.java:151] - Finished initializing remote region registries. All known remote regions: []
2020-03-28 16:57:23,041 INFO [main][DefaultEurekaServerContext.java:70] - Initialized
2020-03-28 16:57:23,050 INFO [main][EndpointLinksResolver.java:58] - Exposing 2 endpoint(s) beneath base path '/actuator'
2020-03-28 16:57:23,110 INFO [main][EurekaServiceRegistry.java:42] - Registering application EUREKA-SERVICE with eureka with status UP
2020-03-28 16:57:23,113 INFO [Thread-18][EurekaServerBootstrap.java:109] - Setting the eureka configuration..
2020-03-28 16:57:23,114 INFO [Thread-18][EurekaServerBootstrap.java:114] - Eureka data center value eureka.datacenter is not set, defaulting to default
2020-03-28 16:57:23,114 INFO [Thread-18][EurekaServerBootstrap.java:128] - Eureka environment value eureka.environment is not set, defaulting to test
2020-03-28 16:57:23,121 INFO [Thread-18][EurekaServerBootstrap.java:184] - isAws returned false
2020-03-28 16:57:23,121 INFO [Thread-18][EurekaServerBootstrap.java:152] - Initialized server context
2020-03-28 16:57:23,121 INFO [Thread-18][PeerAwareInstanceRegistryImpl.java:241] - Got 1 instances from neighboring DS node
2020-03-28 16:57:23,121 INFO [Thread-18][PeerAwareInstanceRegistryImpl.java:242] - Renew threshold is: 1
2020-03-28 16:57:23,122 INFO [Thread-18][PeerAwareInstanceRegistryImpl.java:253] - Changing status to UP
2020-03-28 16:57:23,125 INFO [main][DirectJDKLog.java:173] - Starting ProtocolHandler ["http-nio-56080"]
2020-03-28 16:57:23,130 INFO [Thread-18][EurekaServerInitializerConfiguration.java:72] - Started Eureka Server
2020-03-28 16:57:23,144 INFO [main][TomcatWebServer.java:202] - Tomcat started on port(s): 56080 (http) with context path ''
2020-03-28 16:57:23,145 INFO [main][EurekaAutoServiceRegistration.java:141] - Updating port to 56080
2020-03-28 16:57:23,147 INFO [main][StartupInfoLogger.java:59] - Started EurekaServer in 3.977 seconds (JVM running for 4.68)
2020-03-28 16:57:23,363 INFO [RMI TCP Connection(3)-192.168.20.46][DirectJDKLog.java:173] - Initializing Spring DispatcherServlet 'dispatcherServlet'
2020-03-28 16:57:23,363 INFO [RMI TCP Connection(3)-192.168.20.46][FrameworkServlet.java:524] - Initializing Servlet 'dispatcherServlet'
2020-03-28 16:57:23,369 INFO [RMI TCP Connection(3)-192.168.20.46][FrameworkServlet.java:546] - Completed initialization in 6 ms
2020-03-28 16:57:47,595 INFO [http-nio-56080-exec-9][AbstractInstanceRegistry.java:266] - Registered instance BANK1/bank1:192.168.20.46:56081 with status UP (replication=false)
2020-03-28 16:57:48,187 INFO [http-nio-56080-exec-10][AbstractInstanceRegistry.java:266] - Registered instance BANK1/bank1:192.168.20.46:56081 with status UP (replication=true)
2020-03-28 16:58:23,122 INFO [Eureka-EvictionTimer][AbstractInstanceRegistry.java:1250] - Running the evict task with compensationTime 0ms
2020-03-28 16:59:20,321 INFO [http-nio-56080-exec-6][AbstractInstanceRegistry.java:266] - Registered instance BANK1/bank1:192.168.20.46:56081 with status UP (replication=false)
2020-03-28 16:59:20,824 INFO [http-nio-56080-exec-5][AbstractInstanceRegistry.java:266] - Registered instance BANK1/bank1:192.168.20.46:56081 with status UP (replication=true)
2020-03-28 16:59:23,122 INFO [Eureka-EvictionTimer][AbstractInstanceRegistry.java:1250] - Running the evict task with compensationTime 0ms
