2020-03-27 15:53:01,955 INFO [main][SpringApplication.java:675] - No active profile set, falling back to default profiles: default
2020-03-27 15:53:02,485 WARN [main][EndpointId.java:135] - Endpoint ID 'service-registry' contains invalid characters, please migrate to a valid format.
2020-03-27 15:53:02,654 INFO [main][GenericScope.java:294] - BeanFactory id=455873a8-1060-336c-b1fd-bd16ddd2a667
2020-03-27 15:53:02,724 INFO [main][PostProcessorRegistrationDelegate.java:330] - Bean 'org.springframework.cloud.autoconfigure.ConfigurationPropertiesRebinderAutoConfiguration' of type [org.springframework.cloud.autoconfigure.ConfigurationPropertiesRebinderAutoConfiguration$$EnhancerBySpringCGLIB$$ffebbd8a] is not eligible for getting processed by all BeanPostProcessors (for example: not eligible for auto-proxying)
2020-03-27 15:53:03,052 INFO [main][TomcatWebServer.java:90] - Tomcat initialized with port(s): 9000 (http)
2020-03-27 15:53:03,063 INFO [main][DirectJDKLog.java:173] - Initializing ProtocolHandler ["http-nio-9000"]
2020-03-27 15:53:03,070 INFO [main][DirectJDKLog.java:173] - Starting service [Tomcat]
2020-03-27 15:53:03,071 INFO [main][DirectJDKLog.java:173] - Starting Servlet engine: [Apache Tomcat/9.0.16]
2020-03-27 15:53:03,077 INFO [main][DirectJDKLog.java:173] - The APR based Apache Tomcat Native library which allows optimal performance in production environments was not found on the java.library.path: [D:\property\Java\jdk1.8.0_101\bin;C:\windows\Sun\Java\bin;C:\windows\system32;C:\windows;D:\soft\NetSarang\Xshell 6\;D:\soft\NetSarang\Xftp 6\;C:\windows\system32;C:\windows;C:\windows\System32\Wbem;C:\windows\System32\WindowsPowerShell\v1.0\;C:\Action;D:\property\Java\jdk1.8.0_101\bin;E:\mysql\mysql-5.6.17-winx64\bin;C:\apache-maven-3.5.3\bin;C:\Program Files (x86)\NVIDIA Corporation\PhysX\Common;C:\Program Files\NVIDIA Corporation\NVIDIA NvDLISR;D:\soft\apache-maven-3.6.2\bin;D:\soft\mysql-8.0.18-winx64\bin;D:\soft\TortoiseSVN\bin;C:\Program Files\Redis\;D:\soft\MinGW\bin;C:\Program Files\Git\cmd;D:\property\ssh;D:\soft\IDE\IntelliJ IDEA 2019.2.3\bin;;.]
2020-03-27 15:53:03,178 INFO [main][DirectJDKLog.java:173] - Initializing Spring embedded WebApplicationContext
2020-03-27 15:53:03,178 INFO [main][ServletWebServerApplicationContext.java:296] - Root WebApplicationContext: initialization completed in 1212 ms
2020-03-27 15:53:03,264 WARN [main][URLConfigurationSource.java:121] - No URLs will be polled as dynamic configuration sources.
2020-03-27 15:53:03,265 INFO [main][URLConfigurationSource.java:122] - To enable URLs as dynamic configuration sources, define System property archaius.configurationSource.additionalUrls or make config.properties available on classpath.
2020-03-27 15:53:03,278 INFO [main][DynamicPropertyFactory.java:281] - DynamicPropertyFactory is initialized with configuration sources: com.netflix.config.ConcurrentCompositeConfiguration@c29fe36
2020-03-27 15:53:03,816 INFO [main][WebApplicationImpl.java:815] - Initiating Jersey application, version 'Jersey: 1.19.1 03/11/2016 02:08 PM'
2020-03-27 15:53:03,893 INFO [main][DiscoveryJerseyProvider.java:70] - Using JSON encoding codec LegacyJacksonJson
2020-03-27 15:53:03,894 INFO [main][DiscoveryJerseyProvider.java:71] - Using JSON decoding codec LegacyJacksonJson
2020-03-27 15:53:04,001 INFO [main][DiscoveryJerseyProvider.java:80] - Using XML encoding codec XStreamXml
2020-03-27 15:53:04,002 INFO [main][DiscoveryJerseyProvider.java:81] - Using XML decoding codec XStreamXml
2020-03-27 15:53:04,300 WARN [main][URLConfigurationSource.java:121] - No URLs will be polled as dynamic configuration sources.
2020-03-27 15:53:04,300 INFO [main][URLConfigurationSource.java:122] - To enable URLs as dynamic configuration sources, define System property archaius.configurationSource.additionalUrls or make config.properties available on classpath.
2020-03-27 15:53:04,423 INFO [main][ExecutorConfigurationSupport.java:171] - Initializing ExecutorService 'applicationTaskExecutor'
2020-03-27 15:53:04,844 INFO [main][InstanceInfoFactory.java:71] - Setting initial instance status as: STARTING
2020-03-27 15:53:04,874 INFO [main][DiscoveryClient.java:349] - Initializing Eureka in region us-east-1
2020-03-27 15:53:04,874 INFO [main][DiscoveryClient.java:352] - Client configured to neither register nor query for data.
2020-03-27 15:53:04,882 INFO [main][DiscoveryClient.java:365] - Discovery Client initialized at timestamp 1585295584880 with initial instances count: 0
2020-03-27 15:53:04,916 INFO [main][DefaultEurekaServerContext.java:63] - Initializing ...
2020-03-27 15:53:04,918 INFO [main][PeerEurekaNodes.java:188] - Adding new peer nodes [http://localhost:9000/eureka/]
2020-03-27 15:53:05,060 INFO [main][DiscoveryJerseyProvider.java:70] - Using JSON encoding codec LegacyJacksonJson
2020-03-27 15:53:05,060 INFO [main][DiscoveryJerseyProvider.java:71] - Using JSON decoding codec LegacyJacksonJson
2020-03-27 15:53:05,061 INFO [main][DiscoveryJerseyProvider.java:80] - Using XML encoding codec XStreamXml
2020-03-27 15:53:05,061 INFO [main][DiscoveryJerseyProvider.java:81] - Using XML decoding codec XStreamXml
2020-03-27 15:53:05,146 INFO [main][PeerEurekaNodes.java:110] - Replica node URL:  http://localhost:9000/eureka/
2020-03-27 15:53:05,155 INFO [main][AbstractInstanceRegistry.java:151] - Finished initializing remote region registries. All known remote regions: []
2020-03-27 15:53:05,156 INFO [main][DefaultEurekaServerContext.java:70] - Initialized
2020-03-27 15:53:05,166 INFO [main][EndpointLinksResolver.java:59] - Exposing 2 endpoint(s) beneath base path '/actuator'
2020-03-27 15:53:05,235 INFO [main][EurekaServiceRegistry.java:42] - Registering application EUREKA-SERVICE with eureka with status UP
2020-03-27 15:53:05,238 INFO [Thread-21][EurekaServerBootstrap.java:109] - Setting the eureka configuration..
2020-03-27 15:53:05,239 INFO [Thread-21][EurekaServerBootstrap.java:114] - Eureka data center value eureka.datacenter is not set, defaulting to default
2020-03-27 15:53:05,239 INFO [Thread-21][EurekaServerBootstrap.java:128] - Eureka environment value eureka.environment is not set, defaulting to test
2020-03-27 15:53:05,248 INFO [Thread-21][EurekaServerBootstrap.java:184] - isAws returned false
2020-03-27 15:53:05,248 INFO [Thread-21][EurekaServerBootstrap.java:152] - Initialized server context
2020-03-27 15:53:05,249 INFO [Thread-21][PeerAwareInstanceRegistryImpl.java:241] - Got 1 instances from neighboring DS node
2020-03-27 15:53:05,249 INFO [Thread-21][PeerAwareInstanceRegistryImpl.java:242] - Renew threshold is: 1
2020-03-27 15:53:05,249 INFO [Thread-21][PeerAwareInstanceRegistryImpl.java:253] - Changing status to UP
2020-03-27 15:53:05,250 INFO [main][DirectJDKLog.java:173] - Starting ProtocolHandler ["http-nio-9000"]
2020-03-27 15:53:05,258 INFO [Thread-21][EurekaServerInitializerConfiguration.java:72] - Started Eureka Server
2020-03-27 15:53:05,273 INFO [main][TomcatWebServer.java:204] - Tomcat started on port(s): 9000 (http) with context path ''
2020-03-27 15:53:05,274 INFO [main][EurekaAutoServiceRegistration.java:141] - Updating port to 9000
2020-03-27 15:53:05,275 INFO [main][StartupInfoLogger.java:59] - Started EurekaApplication in 4.227 seconds (JVM running for 5.652)
2020-03-27 15:53:05,444 INFO [RMI TCP Connection(2)-192.168.20.46][DirectJDKLog.java:173] - Initializing Spring DispatcherServlet 'dispatcherServlet'
2020-03-27 15:53:05,444 INFO [RMI TCP Connection(2)-192.168.20.46][FrameworkServlet.java:524] - Initializing Servlet 'dispatcherServlet'
2020-03-27 15:53:05,451 INFO [RMI TCP Connection(2)-192.168.20.46][FrameworkServlet.java:546] - Completed initialization in 7 ms
